# JRE version: Java(TM) SE Runtime Environment (8.0_261-b12) (build 1.8.0_261-b12)
# Java VM: Java HotSpot(TM) 64-Bit Server VM (25.261-b12 mixed mode windows-amd64 compressed oops)
Heap:
 PSYoungGen      total 224768K, used 58678K [0x00000000d5580000, 0x00000000e3f80000, 0x0000000100000000)
  eden space 210432K, 21% used [0x00000000d5580000,0x00000000d80d4478,0x00000000e2300000)
  from space 14336K, 99% used [0x00000000e2300000,0x00000000e30f9498,0x00000000e3100000)
  to   space 14848K, 0% used [0x00000000e3100000,0x00000000e3100000,0x00000000e3f80000)
 ParOldGen       total 152064K, used 43273K [0x0000000080000000, 0x0000000089480000, 0x00000000d5580000)
  object space 152064K, 28% used [0x0000000080000000,0x0000000082a425c0,0x0000000089480000)
 Metaspace       used 72219K, capacity 75272K, committed 75520K, reserved 1114112K
  class space    used 10100K, capacity 10652K, committed 10752K, reserved 1048576K
GC Heap History (10 events):
Event: 3.203 GC heap before
{Heap before GC invocations=8 (full 2):
 PSYoungGen      total 225280K, used 9759K [0x00000000d5580000, 0x00000000e3f80000, 0x0000000100000000)
  eden space 210432K, 0% used [0x00000000d5580000,0x00000000d5580000,0x00000000e2300000)
  from space 14848K, 65% used [0x00000000e3100000,0x00000000e3a87d18,0x00000000e3f80000)
  to   space 14336K, 0% used [0x00000000e2300000,0x00000000e2300000,0x00000000e3100000)
 ParOldGen       total 98304K, used 11313K [0x0000000080000000, 0x0000000086000000, 0x00000000d5580000)
  object space 98304K, 11% used [0x0000000080000000,0x0000000080b0c560,0x0000000086000000)
 Metaspace       used 33947K, capacity 35312K, committed 35496K, reserved 1079296K
  class space    used 4695K, capacity 5007K, committed 5120K, reserved 1048576K
Event: 3.235 GC heap after
Heap after GC invocations=8 (full 2):
 PSYoungGen      total 225280K, used 0K [0x00000000d5580000, 0x00000000e3f80000, 0x0000000100000000)
  eden space 210432K, 0% used [0x00000000d5580000,0x00000000d5580000,0x00000000e2300000)
  from space 14848K, 0% used [0x00000000e3100000,0x00000000e3100000,0x00000000e3f80000)
  to   space 14336K, 0% used [0x00000000e2300000,0x00000000e2300000,0x00000000e3100000)
 ParOldGen       total 152064K, used 16642K [0x0000000080000000, 0x0000000089480000, 0x00000000d5580000)
  object space 152064K, 10% used [0x0000000080000000,0x0000000081040848,0x0000000089480000)
 Metaspace       used 33947K, capacity 35312K, committed 35496K, reserved 1079296K
  class space    used 4695K, capacity 5007K, committed 5120K, reserved 1048576K
}
Event: 4.562 GC heap before
{Heap before GC invocations=9 (full 2):
 PSYoungGen      total 225280K, used 210432K [0x00000000d5580000, 0x00000000e3f80000, 0x0000000100000000)
  eden space 210432K, 100% used [0x00000000d5580000,0x00000000e2300000,0x00000000e2300000)
  from space 14848K, 0% used [0x00000000e3100000,0x00000000e3100000,0x00000000e3f80000)
  to   space 14336K, 0% used [0x00000000e2300000,0x00000000e2300000,0x00000000e3100000)
 ParOldGen       total 152064K, used 16642K [0x0000000080000000, 0x0000000089480000, 0x00000000d5580000)
  object space 152064K, 10% used [0x0000000080000000,0x0000000081040848,0x0000000089480000)
 Metaspace       used 46702K, capacity 48810K, committed 49152K, reserved 1091584K
  class space    used 6444K, capacity 6865K, committed 6912K, reserved 1048576K
Event: 4.573 GC heap after
Heap after GC invocations=9 (full 2):
 PSYoungGen      total 224768K, used 14330K [0x00000000d5580000, 0x00000000e3f80000, 0x0000000100000000)
  eden space 210432K, 0% used [0x00000000d5580000,0x00000000d5580000,0x00000000e2300000)
  from space 14336K, 99% used [0x00000000e2300000,0x00000000e30fea70,0x00000000e3100000)
  to   space 14848K, 0% used [0x00000000e3100000,0x00000000e3100000,0x00000000e3f80000)
 ParOldGen       total 152064K, used 21514K [0x0000000080000000, 0x0000000089480000, 0x00000000d5580000)
  object space 152064K, 14% used [0x0000000080000000,0x0000000081502938,0x0000000089480000)
 Metaspace       used 46702K, capacity 48810K, committed 49152K, reserved 1091584K
  class space    used 6444K, capacity 6865K, committed 6912K, reserved 1048576K
}
Event: 5.400 GC heap before
{Heap before GC invocations=10 (full 2):
 PSYoungGen      total 224768K, used 144560K [0x00000000d5580000, 0x00000000e3f80000, 0x0000000100000000)
  eden space 210432K, 61% used [0x00000000d5580000,0x00000000dd4ad778,0x00000000e2300000)
  from space 14336K, 99% used [0x00000000e2300000,0x00000000e30fea70,0x00000000e3100000)
  to   space 14848K, 0% used [0x00000000e3100000,0x00000000e3100000,0x00000000e3f80000)
 ParOldGen       total 152064K, used 21514K [0x0000000080000000, 0x0000000089480000, 0x00000000d5580000)
  object space 152064K, 14% used [0x0000000080000000,0x0000000081502938,0x0000000089480000)
 Metaspace       used 56730K, capacity 59042K, committed 59136K, reserved 1099776K
  class space    used 7680K, capacity 8141K, committed 8192K, reserved 1048576K
Event: 5.416 GC heap after
Heap after GC invocations=10 (full 2):
 PSYoungGen      total 225280K, used 14829K [0x00000000d5580000, 0x00000000e3f80000, 0x0000000100000000)
  eden space 210432K, 0% used [0x00000000d5580000,0x00000000d5580000,0x00000000e2300000)
  from space 14848K, 99% used [0x00000000e3100000,0x00000000e3f7b410,0x00000000e3f80000)
  to   space 14336K, 0% used [0x00000000e2300000,0x00000000e2300000,0x00000000e3100000)
 ParOldGen       total 152064K, used 31249K [0x0000000080000000, 0x0000000089480000, 0x00000000d5580000)
  object space 152064K, 20% used [0x0000000080000000,0x0000000081e84630,0x0000000089480000)
 Metaspace       used 56730K, capacity 59042K, committed 59136K, reserved 1099776K
  class space    used 7680K, capacity 8141K, committed 8192K, reserved 1048576K
}
Event: 5.416 GC heap before
{Heap before GC invocations=11 (full 3):
 PSYoungGen      total 225280K, used 14829K [0x00000000d5580000, 0x00000000e3f80000, 0x0000000100000000)
  eden space 210432K, 0% used [0x00000000d5580000,0x00000000d5580000,0x00000000e2300000)
  from space 14848K, 99% used [0x00000000e3100000,0x00000000e3f7b410,0x00000000e3f80000)
  to   space 14336K, 0% used [0x00000000e2300000,0x00000000e2300000,0x00000000e3100000)
 ParOldGen       total 152064K, used 31249K [0x0000000080000000, 0x0000000089480000, 0x00000000d5580000)
  object space 152064K, 20% used [0x0000000080000000,0x0000000081e84630,0x0000000089480000)
 Metaspace       used 56730K, capacity 59042K, committed 59136K, reserved 1099776K
  class space    used 7680K, capacity 8141K, committed 8192K, reserved 1048576K
Event: 5.555 GC heap after
Heap after GC invocations=11 (full 3):
 PSYoungGen      total 225280K, used 0K [0x00000000d5580000, 0x00000000e3f80000, 0x0000000100000000)
  eden space 210432K, 0% used [0x00000000d5580000,0x00000000d5580000,0x00000000e2300000)
  from space 14848K, 0% used [0x00000000e3100000,0x00000000e3100000,0x00000000e3f80000)
  to   space 14336K, 0% used [0x00000000e2300000,0x00000000e2300000,0x00000000e3100000)
 ParOldGen       total 152064K, used 38704K [0x0000000080000000, 0x0000000089480000, 0x00000000d5580000)
  object space 152064K, 25% used [0x0000000080000000,0x00000000825cc2f0,0x0000000089480000)
 Metaspace       used 56671K, capacity 58864K, committed 59136K, reserved 1099776K
  class space    used 7661K, capacity 8116K, committed 8192K, reserved 1048576K
}
Event: 7.053 GC heap before
{Heap before GC invocations=12 (full 3):
 PSYoungGen      total 225280K, used 210432K [0x00000000d5580000, 0x00000000e3f80000, 0x0000000100000000)
  eden space 210432K, 100% used [0x00000000d5580000,0x00000000e2300000,0x00000000e2300000)
  from space 14848K, 0% used [0x00000000e3100000,0x00000000e3100000,0x00000000e3f80000)
  to   space 14336K, 0% used [0x00000000e2300000,0x00000000e2300000,0x00000000e3100000)
 ParOldGen       total 152064K, used 38704K [0x0000000080000000, 0x0000000089480000, 0x00000000d5580000)
  object space 152064K, 25% used [0x0000000080000000,0x00000000825cc2f0,0x0000000089480000)
 Metaspace       used 68912K, capacity 71862K, committed 72192K, reserved 1112064K
  class space    used 9597K, capacity 10164K, committed 10240K, reserved 1048576K
Event: 7.063 GC heap after
Heap after GC invocations=12 (full 3):
 PSYoungGen      total 224768K, used 14309K [0x00000000d5580000, 0x00000000e3f80000, 0x0000000100000000)
  eden space 210432K, 0% used [0x00000000d5580000,0x00000000d5580000,0x00000000e2300000)
  from space 14336K, 99% used [0x00000000e2300000,0x00000000e30f9498,0x00000000e3100000)
  to   space 14848K, 0% used [0x00000000e3100000,0x00000000e3100000,0x00000000e3f80000)
 ParOldGen       total 152064K, used 43273K [0x0000000080000000, 0x0000000089480000, 0x00000000d5580000)
  object space 152064K, 28% used [0x0000000080000000,0x0000000082a425c0,0x0000000089480000)
 Metaspace       used 68912K, capacity 71862K, committed 72192K, reserved 1112064K
  class space    used 9597K, capacity 10164K, committed 10240K, reserved 1048576K
}

