# JRE version: Java(TM) SE Runtime Environment (8.0_261-b12) (build 1.8.0_261-b12)
# Java VM: Java HotSpot(TM) 64-Bit Server VM (25.261-b12 mixed mode windows-amd64 compressed oops)
Heap:
 PSYoungGen      total 231936K, used 70174K [0x00000000d5580000, 0x00000000e4b80000, 0x0000000100000000)
  eden space 217088K, 25% used [0x00000000d5580000,0x00000000d8b8c6b0,0x00000000e2980000)
  from space 14848K, 99% used [0x00000000e2980000,0x00000000e37fb370,0x00000000e3800000)
  to   space 15360K, 16% used [0x00000000e3800000,0x00000000e3a8a020,0x00000000e4700000)
 ParOldGen       total 145408K, used 40050K [0x0000000080000000, 0x0000000088e00000, 0x00000000d5580000)
  object space 145408K, 27% used [0x0000000080000000,0x000000008271cbe8,0x0000000088e00000)
 Metaspace       used 68078K, capacity 71454K, committed 71552K, reserved 1116160K
  class space    used 9457K, capacity 10072K, committed 10112K, reserved 1048576K
GC Heap History (10 events):
Event: 3.621 GC heap before
{Heap before GC invocations=8 (full 2):
 PSYoungGen      total 232448K, used 8245K [0x00000000d5580000, 0x00000000e4b80000, 0x0000000100000000)
  eden space 217088K, 0% used [0x00000000d5580000,0x00000000d5580000,0x00000000e2980000)
  from space 15360K, 53% used [0x00000000e3800000,0x00000000e400d670,0x00000000e4700000)
  to   space 14848K, 0% used [0x00000000e2980000,0x00000000e2980000,0x00000000e3800000)
 ParOldGen       total 95232K, used 11844K [0x0000000080000000, 0x0000000085d00000, 0x00000000d5580000)
  object space 95232K, 12% used [0x0000000080000000,0x0000000080b913b0,0x0000000085d00000)
 Metaspace       used 34321K, capacity 35454K, committed 35496K, reserved 1079296K
  class space    used 4832K, capacity 5100K, committed 5120K, reserved 1048576K
Event: 3.653 GC heap after
Heap after GC invocations=8 (full 2):
 PSYoungGen      total 232448K, used 0K [0x00000000d5580000, 0x00000000e4b80000, 0x0000000100000000)
  eden space 217088K, 0% used [0x00000000d5580000,0x00000000d5580000,0x00000000e2980000)
  from space 15360K, 0% used [0x00000000e3800000,0x00000000e3800000,0x00000000e4700000)
  to   space 14848K, 0% used [0x00000000e2980000,0x00000000e2980000,0x00000000e3800000)
 ParOldGen       total 145408K, used 15199K [0x0000000080000000, 0x0000000088e00000, 0x00000000d5580000)
  object space 145408K, 10% used [0x0000000080000000,0x0000000080ed7d98,0x0000000088e00000)
 Metaspace       used 34321K, capacity 35454K, committed 35496K, reserved 1079296K
  class space    used 4832K, capacity 5100K, committed 5120K, reserved 1048576K
}
Event: 4.747 GC heap before
{Heap before GC invocations=9 (full 2):
 PSYoungGen      total 232448K, used 217088K [0x00000000d5580000, 0x00000000e4b80000, 0x0000000100000000)
  eden space 217088K, 100% used [0x00000000d5580000,0x00000000e2980000,0x00000000e2980000)
  from space 15360K, 0% used [0x00000000e3800000,0x00000000e3800000,0x00000000e4700000)
  to   space 14848K, 0% used [0x00000000e2980000,0x00000000e2980000,0x00000000e3800000)
 ParOldGen       total 145408K, used 15199K [0x0000000080000000, 0x0000000088e00000, 0x00000000d5580000)
  object space 145408K, 10% used [0x0000000080000000,0x0000000080ed7d98,0x0000000088e00000)
 Metaspace       used 45637K, capacity 47466K, committed 47744K, reserved 1089536K
  class space    used 6313K, capacity 6673K, committed 6784K, reserved 1048576K
Event: 4.759 GC heap after
Heap after GC invocations=9 (full 2):
 PSYoungGen      total 231936K, used 14847K [0x00000000d5580000, 0x00000000e4b80000, 0x0000000100000000)
  eden space 217088K, 0% used [0x00000000d5580000,0x00000000d5580000,0x00000000e2980000)
  from space 14848K, 99% used [0x00000000e2980000,0x00000000e37ffc98,0x00000000e3800000)
  to   space 15360K, 0% used [0x00000000e3800000,0x00000000e3800000,0x00000000e4700000)
 ParOldGen       total 145408K, used 20495K [0x0000000080000000, 0x0000000088e00000, 0x00000000d5580000)
  object space 145408K, 14% used [0x0000000080000000,0x0000000081403c68,0x0000000088e00000)
 Metaspace       used 45637K, capacity 47466K, committed 47744K, reserved 1089536K
  class space    used 6313K, capacity 6673K, committed 6784K, reserved 1048576K
}
Event: 5.772 GC heap before
{Heap before GC invocations=10 (full 2):
 PSYoungGen      total 231936K, used 154610K [0x00000000d5580000, 0x00000000e4b80000, 0x0000000100000000)
  eden space 217088K, 64% used [0x00000000d5580000,0x00000000dddfcf28,0x00000000e2980000)
  from space 14848K, 99% used [0x00000000e2980000,0x00000000e37ffc98,0x00000000e3800000)
  to   space 15360K, 0% used [0x00000000e3800000,0x00000000e3800000,0x00000000e4700000)
 ParOldGen       total 145408K, used 20495K [0x0000000080000000, 0x0000000088e00000, 0x00000000d5580000)
  object space 145408K, 14% used [0x0000000080000000,0x0000000081403c68,0x0000000088e00000)
 Metaspace       used 56771K, capacity 59028K, committed 59136K, reserved 1099776K
  class space    used 7939K, capacity 8393K, committed 8448K, reserved 1048576K
Event: 5.787 GC heap after
Heap after GC invocations=10 (full 2):
 PSYoungGen      total 232448K, used 15332K [0x00000000d5580000, 0x00000000e4b80000, 0x0000000100000000)
  eden space 217088K, 0% used [0x00000000d5580000,0x00000000d5580000,0x00000000e2980000)
  from space 15360K, 99% used [0x00000000e3800000,0x00000000e46f9300,0x00000000e4700000)
  to   space 14848K, 0% used [0x00000000e2980000,0x00000000e2980000,0x00000000e3800000)
 ParOldGen       total 145408K, used 31012K [0x0000000080000000, 0x0000000088e00000, 0x00000000d5580000)
  object space 145408K, 21% used [0x0000000080000000,0x0000000081e49038,0x0000000088e00000)
 Metaspace       used 56771K, capacity 59028K, committed 59136K, reserved 1099776K
  class space    used 7939K, capacity 8393K, committed 8448K, reserved 1048576K
}
Event: 5.787 GC heap before
{Heap before GC invocations=11 (full 3):
 PSYoungGen      total 232448K, used 15332K [0x00000000d5580000, 0x00000000e4b80000, 0x0000000100000000)
  eden space 217088K, 0% used [0x00000000d5580000,0x00000000d5580000,0x00000000e2980000)
  from space 15360K, 99% used [0x00000000e3800000,0x00000000e46f9300,0x00000000e4700000)
  to   space 14848K, 0% used [0x00000000e2980000,0x00000000e2980000,0x00000000e3800000)
 ParOldGen       total 145408K, used 31012K [0x0000000080000000, 0x0000000088e00000, 0x00000000d5580000)
  object space 145408K, 21% used [0x0000000080000000,0x0000000081e49038,0x0000000088e00000)
 Metaspace       used 56771K, capacity 59028K, committed 59136K, reserved 1099776K
  class space    used 7939K, capacity 8393K, committed 8448K, reserved 1048576K
Event: 5.915 GC heap after
Heap after GC invocations=11 (full 3):
 PSYoungGen      total 232448K, used 0K [0x00000000d5580000, 0x00000000e4b80000, 0x0000000100000000)
  eden space 217088K, 0% used [0x00000000d5580000,0x00000000d5580000,0x00000000e2980000)
  from space 15360K, 0% used [0x00000000e3800000,0x00000000e3800000,0x00000000e4700000)
  to   space 14848K, 0% used [0x00000000e2980000,0x00000000e2980000,0x00000000e3800000)
 ParOldGen       total 145408K, used 38253K [0x0000000080000000, 0x0000000088e00000, 0x00000000d5580000)
  object space 145408K, 26% used [0x0000000080000000,0x000000008255b660,0x0000000088e00000)
 Metaspace       used 56757K, capacity 58980K, committed 59136K, reserved 1099776K
  class space    used 7935K, capacity 8385K, committed 8448K, reserved 1048576K
}
Event: 7.978 GC heap before
{Heap before GC invocations=12 (full 3):
 PSYoungGen      total 232448K, used 217088K [0x00000000d5580000, 0x00000000e4b80000, 0x0000000100000000)
  eden space 217088K, 100% used [0x00000000d5580000,0x00000000e2980000,0x00000000e2980000)
  from space 15360K, 0% used [0x00000000e3800000,0x00000000e3800000,0x00000000e4700000)
  to   space 14848K, 0% used [0x00000000e2980000,0x00000000e2980000,0x00000000e3800000)
 ParOldGen       total 145408K, used 38253K [0x0000000080000000, 0x0000000088e00000, 0x00000000d5580000)
  object space 145408K, 26% used [0x0000000080000000,0x000000008255b660,0x0000000088e00000)
 Metaspace       used 65649K, capacity 68788K, committed 68992K, reserved 1107968K
  class space    used 9246K, capacity 9817K, committed 9856K, reserved 1048576K
Event: 7.987 GC heap after
Heap after GC invocations=12 (full 3):
 PSYoungGen      total 231936K, used 14828K [0x00000000d5580000, 0x00000000e4b80000, 0x0000000100000000)
  eden space 217088K, 0% used [0x00000000d5580000,0x00000000d5580000,0x00000000e2980000)
  from space 14848K, 99% used [0x00000000e2980000,0x00000000e37fb370,0x00000000e3800000)
  to   space 15360K, 0% used [0x00000000e3800000,0x00000000e3800000,0x00000000e4700000)
 ParOldGen       total 145408K, used 40050K [0x0000000080000000, 0x0000000088e00000, 0x00000000d5580000)
  object space 145408K, 27% used [0x0000000080000000,0x000000008271cbe8,0x0000000088e00000)
 Metaspace       used 65649K, capacity 68788K, committed 68992K, reserved 1107968K
  class space    used 9246K, capacity 9817K, committed 9856K, reserved 1048576K
}

