# JRE version: Java(TM) SE Runtime Environment (8.0_261-b12) (build 1.8.0_261-b12)
# Java VM: Java HotSpot(TM) 64-Bit Server VM (25.261-b12 mixed mode windows-amd64 compressed oops)
Heap:
 PSYoungGen      total 230400K, used 151888K [0x00000000d5580000, 0x00000000e4a00000, 0x0000000100000000)
  eden space 215552K, 63% used [0x00000000d5580000,0x00000000ddb54378,0x00000000e2800000)
  from space 14848K, 99% used [0x00000000e2800000,0x00000000e367ffb8,0x00000000e3680000)
  to   space 15360K, 0% used [0x00000000e3680000,0x00000000e3680000,0x00000000e4580000)
 ParOldGen       total 144384K, used 50159K [0x0000000080000000, 0x0000000088d00000, 0x00000000d5580000)
  object space 144384K, 34% used [0x0000000080000000,0x00000000830fbfb0,0x0000000088d00000)
 Metaspace       used 69761K, capacity 73094K, committed 73216K, reserved 1112064K
  class space    used 9753K, capacity 10380K, committed 10496K, reserved 1048576K
GC Heap History (10 events):
Event: 2.959 GC heap before
{Heap before GC invocations=8 (full 2):
 PSYoungGen      total 230912K, used 8262K [0x00000000d5580000, 0x00000000e4a00000, 0x0000000100000000)
  eden space 215552K, 0% used [0x00000000d5580000,0x00000000d5580000,0x00000000e2800000)
  from space 15360K, 53% used [0x00000000e3680000,0x00000000e3e91b38,0x00000000e4580000)
  to   space 14848K, 0% used [0x00000000e2800000,0x00000000e2800000,0x00000000e3680000)
 ParOldGen       total 95744K, used 11807K [0x0000000080000000, 0x0000000085d80000, 0x00000000d5580000)
  object space 95744K, 12% used [0x0000000080000000,0x0000000080b87e38,0x0000000085d80000)
 Metaspace       used 34325K, capacity 35454K, committed 35496K, reserved 1079296K
  class space    used 4834K, capacity 5100K, committed 5120K, reserved 1048576K
Event: 2.992 GC heap after
Heap after GC invocations=8 (full 2):
 PSYoungGen      total 230912K, used 0K [0x00000000d5580000, 0x00000000e4a00000, 0x0000000100000000)
  eden space 215552K, 0% used [0x00000000d5580000,0x00000000d5580000,0x00000000e2800000)
  from space 15360K, 0% used [0x00000000e3680000,0x00000000e3680000,0x00000000e4580000)
  to   space 14848K, 0% used [0x00000000e2800000,0x00000000e2800000,0x00000000e3680000)
 ParOldGen       total 144384K, used 15197K [0x0000000080000000, 0x0000000088d00000, 0x00000000d5580000)
  object space 144384K, 10% used [0x0000000080000000,0x0000000080ed74a0,0x0000000088d00000)
 Metaspace       used 34325K, capacity 35454K, committed 35496K, reserved 1079296K
  class space    used 4834K, capacity 5100K, committed 5120K, reserved 1048576K
}
Event: 4.078 GC heap before
{Heap before GC invocations=9 (full 2):
 PSYoungGen      total 230912K, used 215552K [0x00000000d5580000, 0x00000000e4a00000, 0x0000000100000000)
  eden space 215552K, 100% used [0x00000000d5580000,0x00000000e2800000,0x00000000e2800000)
  from space 15360K, 0% used [0x00000000e3680000,0x00000000e3680000,0x00000000e4580000)
  to   space 14848K, 0% used [0x00000000e2800000,0x00000000e2800000,0x00000000e3680000)
 ParOldGen       total 144384K, used 15197K [0x0000000080000000, 0x0000000088d00000, 0x00000000d5580000)
  object space 144384K, 10% used [0x0000000080000000,0x0000000080ed74a0,0x0000000088d00000)
 Metaspace       used 45635K, capacity 47480K, committed 47744K, reserved 1089536K
  class space    used 6320K, capacity 6676K, committed 6784K, reserved 1048576K
Event: 4.090 GC heap after
Heap after GC invocations=9 (full 2):
 PSYoungGen      total 230400K, used 14823K [0x00000000d5580000, 0x00000000e4a00000, 0x0000000100000000)
  eden space 215552K, 0% used [0x00000000d5580000,0x00000000d5580000,0x00000000e2800000)
  from space 14848K, 99% used [0x00000000e2800000,0x00000000e3679ce8,0x00000000e3680000)
  to   space 15360K, 0% used [0x00000000e3680000,0x00000000e3680000,0x00000000e4580000)
 ParOldGen       total 144384K, used 19838K [0x0000000080000000, 0x0000000088d00000, 0x00000000d5580000)
  object space 144384K, 13% used [0x0000000080000000,0x000000008135f9b0,0x0000000088d00000)
 Metaspace       used 45635K, capacity 47480K, committed 47744K, reserved 1089536K
  class space    used 6320K, capacity 6676K, committed 6784K, reserved 1048576K
}
Event: 5.031 GC heap before
{Heap before GC invocations=10 (full 2):
 PSYoungGen      total 230400K, used 152161K [0x00000000d5580000, 0x00000000e4a00000, 0x0000000100000000)
  eden space 215552K, 63% used [0x00000000d5580000,0x00000000ddb9e728,0x00000000e2800000)
  from space 14848K, 99% used [0x00000000e2800000,0x00000000e3679ce8,0x00000000e3680000)
  to   space 15360K, 0% used [0x00000000e3680000,0x00000000e3680000,0x00000000e4580000)
 ParOldGen       total 144384K, used 19838K [0x0000000080000000, 0x0000000088d00000, 0x00000000d5580000)
  object space 144384K, 13% used [0x0000000080000000,0x000000008135f9b0,0x0000000088d00000)
 Metaspace       used 56696K, capacity 59042K, committed 59136K, reserved 1099776K
  class space    used 7928K, capacity 8398K, committed 8448K, reserved 1048576K
Event: 5.048 GC heap after
Heap after GC invocations=10 (full 2):
 PSYoungGen      total 230912K, used 15340K [0x00000000d5580000, 0x00000000e4a00000, 0x0000000100000000)
  eden space 215552K, 0% used [0x00000000d5580000,0x00000000d5580000,0x00000000e2800000)
  from space 15360K, 99% used [0x00000000e3680000,0x00000000e457b330,0x00000000e4580000)
  to   space 14848K, 0% used [0x00000000e2800000,0x00000000e2800000,0x00000000e3680000)
 ParOldGen       total 144384K, used 30192K [0x0000000080000000, 0x0000000088d00000, 0x00000000d5580000)
  object space 144384K, 20% used [0x0000000080000000,0x0000000081d7c1f8,0x0000000088d00000)
 Metaspace       used 56696K, capacity 59042K, committed 59136K, reserved 1099776K
  class space    used 7928K, capacity 8398K, committed 8448K, reserved 1048576K
}
Event: 5.048 GC heap before
{Heap before GC invocations=11 (full 3):
 PSYoungGen      total 230912K, used 15340K [0x00000000d5580000, 0x00000000e4a00000, 0x0000000100000000)
  eden space 215552K, 0% used [0x00000000d5580000,0x00000000d5580000,0x00000000e2800000)
  from space 15360K, 99% used [0x00000000e3680000,0x00000000e457b330,0x00000000e4580000)
  to   space 14848K, 0% used [0x00000000e2800000,0x00000000e2800000,0x00000000e3680000)
 ParOldGen       total 144384K, used 30192K [0x0000000080000000, 0x0000000088d00000, 0x00000000d5580000)
  object space 144384K, 20% used [0x0000000080000000,0x0000000081d7c1f8,0x0000000088d00000)
 Metaspace       used 56696K, capacity 59042K, committed 59136K, reserved 1099776K
  class space    used 7928K, capacity 8398K, committed 8448K, reserved 1048576K
Event: 5.184 GC heap after
Heap after GC invocations=11 (full 3):
 PSYoungGen      total 230912K, used 0K [0x00000000d5580000, 0x00000000e4a00000, 0x0000000100000000)
  eden space 215552K, 0% used [0x00000000d5580000,0x00000000d5580000,0x00000000e2800000)
  from space 15360K, 0% used [0x00000000e3680000,0x00000000e3680000,0x00000000e4580000)
  to   space 14848K, 0% used [0x00000000e2800000,0x00000000e2800000,0x00000000e3680000)
 ParOldGen       total 144384K, used 38169K [0x0000000080000000, 0x0000000088d00000, 0x00000000d5580000)
  object space 144384K, 26% used [0x0000000080000000,0x00000000825467d8,0x0000000088d00000)
 Metaspace       used 56677K, capacity 58976K, committed 59136K, reserved 1099776K
  class space    used 7922K, capacity 8387K, committed 8448K, reserved 1048576K
}
Event: 6.997 GC heap before
{Heap before GC invocations=12 (full 3):
 PSYoungGen      total 230912K, used 215552K [0x00000000d5580000, 0x00000000e4a00000, 0x0000000100000000)
  eden space 215552K, 100% used [0x00000000d5580000,0x00000000e2800000,0x00000000e2800000)
  from space 15360K, 0% used [0x00000000e3680000,0x00000000e3680000,0x00000000e4580000)
  to   space 14848K, 0% used [0x00000000e2800000,0x00000000e2800000,0x00000000e3680000)
 ParOldGen       total 144384K, used 38169K [0x0000000080000000, 0x0000000088d00000, 0x00000000d5580000)
  object space 144384K, 26% used [0x0000000080000000,0x00000000825467d8,0x0000000088d00000)
 Metaspace       used 64929K, capacity 67916K, committed 68096K, reserved 1107968K
  class space    used 9146K, capacity 9687K, committed 9728K, reserved 1048576K
Event: 7.011 GC heap after
Heap after GC invocations=12 (full 3):
 PSYoungGen      total 230400K, used 14847K [0x00000000d5580000, 0x00000000e4a00000, 0x0000000100000000)
  eden space 215552K, 0% used [0x00000000d5580000,0x00000000d5580000,0x00000000e2800000)
  from space 14848K, 99% used [0x00000000e2800000,0x00000000e367ffb8,0x00000000e3680000)
  to   space 15360K, 0% used [0x00000000e3680000,0x00000000e3680000,0x00000000e4580000)
 ParOldGen       total 144384K, used 50159K [0x0000000080000000, 0x0000000088d00000, 0x00000000d5580000)
  object space 144384K, 34% used [0x0000000080000000,0x00000000830fbfb0,0x0000000088d00000)
 Metaspace       used 64929K, capacity 67916K, committed 68096K, reserved 1107968K
  class space    used 9146K, capacity 9687K, committed 9728K, reserved 1048576K
}

