# JRE version: Java(TM) SE Runtime Environment (8.0_261-b12) (build 1.8.0_261-b12)
# Java VM: Java HotSpot(TM) 64-Bit Server VM (25.261-b12 mixed mode windows-amd64 compressed oops)
Heap:
 PSYoungGen      total 210432K, used 131509K [0x00000000d5580000, 0x00000000e4f00000, 0x0000000100000000)
  eden space 193024K, 68% used [0x00000000d5580000,0x00000000dd5ed6e8,0x00000000e1200000)
  from space 17408K, 0% used [0x00000000e2600000,0x00000000e2600000,0x00000000e3700000)
  to   space 20480K, 0% used [0x00000000e1200000,0x00000000e1200000,0x00000000e2600000)
 ParOldGen       total 149504K, used 34879K [0x0000000080000000, 0x0000000089200000, 0x00000000d5580000)
  object space 149504K, 23% used [0x0000000080000000,0x000000008220fea0,0x0000000089200000)
 Metaspace       used 63257K, capacity 66282K, committed 66432K, reserved 1105920K
  class space    used 8965K, capacity 9536K, committed 9600K, reserved 1048576K
GC Heap History (10 events):
Event: 4.037 GC heap before
{Heap before GC invocations=9 (full 2):
 PSYoungGen      total 114688K, used 8245K [0x00000000d5580000, 0x00000000e1180000, 0x0000000100000000)
  eden space 102400K, 0% used [0x00000000d5580000,0x00000000d5580000,0x00000000db980000)
  from space 12288K, 67% used [0x00000000db980000,0x00000000dc18d670,0x00000000dc580000)
  to   space 11776K, 0% used [0x00000000e0600000,0x00000000e0600000,0x00000000e1180000)
 ParOldGen       total 100352K, used 8709K [0x0000000080000000, 0x0000000086200000, 0x00000000d5580000)
  object space 100352K, 8% used [0x0000000080000000,0x0000000080881730,0x0000000086200000)
 Metaspace       used 34341K, capacity 35454K, committed 35496K, reserved 1079296K
  class space    used 4835K, capacity 5100K, committed 5120K, reserved 1048576K
Event: 4.066 GC heap after
Heap after GC invocations=9 (full 2):
 PSYoungGen      total 114688K, used 0K [0x00000000d5580000, 0x00000000e1180000, 0x0000000100000000)
  eden space 102400K, 0% used [0x00000000d5580000,0x00000000d5580000,0x00000000db980000)
  from space 12288K, 0% used [0x00000000db980000,0x00000000db980000,0x00000000dc580000)
  to   space 11776K, 0% used [0x00000000e0600000,0x00000000e0600000,0x00000000e1180000)
 ParOldGen       total 149504K, used 15158K [0x0000000080000000, 0x0000000089200000, 0x00000000d5580000)
  object space 149504K, 10% used [0x0000000080000000,0x0000000080ecd8e8,0x0000000089200000)
 Metaspace       used 34341K, capacity 35454K, committed 35496K, reserved 1079296K
  class space    used 4835K, capacity 5100K, committed 5120K, reserved 1048576K
}
Event: 4.932 GC heap before
{Heap before GC invocations=10 (full 2):
 PSYoungGen      total 114688K, used 102400K [0x00000000d5580000, 0x00000000e1180000, 0x0000000100000000)
  eden space 102400K, 100% used [0x00000000d5580000,0x00000000db980000,0x00000000db980000)
  from space 12288K, 0% used [0x00000000db980000,0x00000000db980000,0x00000000dc580000)
  to   space 11776K, 0% used [0x00000000e0600000,0x00000000e0600000,0x00000000e1180000)
 ParOldGen       total 149504K, used 15158K [0x0000000080000000, 0x0000000089200000, 0x00000000d5580000)
  object space 149504K, 10% used [0x0000000080000000,0x0000000080ecd8e8,0x0000000089200000)
 Metaspace       used 36909K, capacity 38474K, committed 38528K, reserved 1083392K
  class space    used 5192K, capacity 5504K, committed 5504K, reserved 1048576K
Event: 4.938 GC heap after
Heap after GC invocations=10 (full 2):
 PSYoungGen      total 160256K, used 7391K [0x00000000d5580000, 0x00000000e0d80000, 0x0000000100000000)
  eden space 152576K, 0% used [0x00000000d5580000,0x00000000d5580000,0x00000000dea80000)
  from space 7680K, 96% used [0x00000000e0600000,0x00000000e0d37f88,0x00000000e0d80000)
  to   space 11776K, 0% used [0x00000000df680000,0x00000000df680000,0x00000000e0200000)
 ParOldGen       total 149504K, used 15166K [0x0000000080000000, 0x0000000089200000, 0x00000000d5580000)
  object space 149504K, 10% used [0x0000000080000000,0x0000000080ecf8e8,0x0000000089200000)
 Metaspace       used 36909K, capacity 38474K, committed 38528K, reserved 1083392K
  class space    used 5192K, capacity 5504K, committed 5504K, reserved 1048576K
}
Event: 6.738 GC heap before
{Heap before GC invocations=11 (full 2):
 PSYoungGen      total 160256K, used 159967K [0x00000000d5580000, 0x00000000e0d80000, 0x0000000100000000)
  eden space 152576K, 100% used [0x00000000d5580000,0x00000000dea80000,0x00000000dea80000)
  from space 7680K, 96% used [0x00000000e0600000,0x00000000e0d37f88,0x00000000e0d80000)
  to   space 11776K, 0% used [0x00000000df680000,0x00000000df680000,0x00000000e0200000)
 ParOldGen       total 149504K, used 15166K [0x0000000080000000, 0x0000000089200000, 0x00000000d5580000)
  object space 149504K, 10% used [0x0000000080000000,0x0000000080ecf8e8,0x0000000089200000)
 Metaspace       used 50981K, capacity 52982K, committed 53248K, reserved 1095680K
  class space    used 6977K, capacity 7373K, committed 7424K, reserved 1048576K
Event: 6.757 GC heap after
Heap after GC invocations=11 (full 2):
 PSYoungGen      total 176640K, used 11748K [0x00000000d5580000, 0x00000000e3700000, 0x0000000100000000)
  eden space 164864K, 0% used [0x00000000d5580000,0x00000000d5580000,0x00000000df680000)
  from space 11776K, 99% used [0x00000000df680000,0x00000000e01f9310,0x00000000e0200000)
  to   space 17408K, 0% used [0x00000000e2600000,0x00000000e2600000,0x00000000e3700000)
 ParOldGen       total 149504K, used 27297K [0x0000000080000000, 0x0000000089200000, 0x00000000d5580000)
  object space 149504K, 18% used [0x0000000080000000,0x0000000081aa8728,0x0000000089200000)
 Metaspace       used 50981K, capacity 52982K, committed 53248K, reserved 1095680K
  class space    used 6977K, capacity 7373K, committed 7424K, reserved 1048576K
}
Event: 7.529 GC heap before
{Heap before GC invocations=12 (full 2):
 PSYoungGen      total 176640K, used 77652K [0x00000000d5580000, 0x00000000e3700000, 0x0000000100000000)
  eden space 164864K, 39% used [0x00000000d5580000,0x00000000d95dbe40,0x00000000df680000)
  from space 11776K, 99% used [0x00000000df680000,0x00000000e01f9310,0x00000000e0200000)
  to   space 17408K, 0% used [0x00000000e2600000,0x00000000e2600000,0x00000000e3700000)
 ParOldGen       total 149504K, used 27297K [0x0000000080000000, 0x0000000089200000, 0x00000000d5580000)
  object space 149504K, 18% used [0x0000000080000000,0x0000000081aa8728,0x0000000089200000)
 Metaspace       used 56714K, capacity 59062K, committed 59136K, reserved 1099776K
  class space    used 7928K, capacity 8402K, committed 8448K, reserved 1048576K
Event: 7.542 GC heap after
Heap after GC invocations=12 (full 2):
 PSYoungGen      total 210432K, used 17406K [0x00000000d5580000, 0x00000000e4f00000, 0x0000000100000000)
  eden space 193024K, 0% used [0x00000000d5580000,0x00000000d5580000,0x00000000e1200000)
  from space 17408K, 99% used [0x00000000e2600000,0x00000000e36ff8e0,0x00000000e3700000)
  to   space 20480K, 0% used [0x00000000e1200000,0x00000000e1200000,0x00000000e2600000)
 ParOldGen       total 149504K, used 29279K [0x0000000080000000, 0x0000000089200000, 0x00000000d5580000)
  object space 149504K, 19% used [0x0000000080000000,0x0000000081c97e70,0x0000000089200000)
 Metaspace       used 56714K, capacity 59062K, committed 59136K, reserved 1099776K
  class space    used 7928K, capacity 8402K, committed 8448K, reserved 1048576K
}
Event: 7.542 GC heap before
{Heap before GC invocations=13 (full 3):
 PSYoungGen      total 210432K, used 17406K [0x00000000d5580000, 0x00000000e4f00000, 0x0000000100000000)
  eden space 193024K, 0% used [0x00000000d5580000,0x00000000d5580000,0x00000000e1200000)
  from space 17408K, 99% used [0x00000000e2600000,0x00000000e36ff8e0,0x00000000e3700000)
  to   space 20480K, 0% used [0x00000000e1200000,0x00000000e1200000,0x00000000e2600000)
 ParOldGen       total 149504K, used 29279K [0x0000000080000000, 0x0000000089200000, 0x00000000d5580000)
  object space 149504K, 19% used [0x0000000080000000,0x0000000081c97e70,0x0000000089200000)
 Metaspace       used 56714K, capacity 59062K, committed 59136K, reserved 1099776K
  class space    used 7928K, capacity 8402K, committed 8448K, reserved 1048576K
Event: 7.671 GC heap after
Heap after GC invocations=13 (full 3):
 PSYoungGen      total 210432K, used 0K [0x00000000d5580000, 0x00000000e4f00000, 0x0000000100000000)
  eden space 193024K, 0% used [0x00000000d5580000,0x00000000d5580000,0x00000000e1200000)
  from space 17408K, 0% used [0x00000000e2600000,0x00000000e2600000,0x00000000e3700000)
  to   space 20480K, 0% used [0x00000000e1200000,0x00000000e1200000,0x00000000e2600000)
 ParOldGen       total 149504K, used 34879K [0x0000000080000000, 0x0000000089200000, 0x00000000d5580000)
  object space 149504K, 23% used [0x0000000080000000,0x000000008220fea0,0x0000000089200000)
 Metaspace       used 56688K, capacity 58972K, committed 59136K, reserved 1099776K
  class space    used 7920K, capacity 8387K, committed 8448K, reserved 1048576K
}

