# JRE version: Java(TM) SE Runtime Environment (8.0_261-b12) (build 1.8.0_261-b12)
# Java VM: Java HotSpot(TM) 64-Bit Server VM (25.261-b12 mixed mode windows-amd64 compressed oops)
Heap:
 PSYoungGen      total 228864K, used 177453K [0x00000000d5580000, 0x00000000e4380000, 0x0000000100000000)
  eden space 213504K, 83% used [0x00000000d5580000,0x00000000e02cb670,0x00000000e2600000)
  from space 15360K, 0% used [0x00000000e3480000,0x00000000e3480000,0x00000000e4380000)
  to   space 14848K, 0% used [0x00000000e2600000,0x00000000e2600000,0x00000000e3480000)
 ParOldGen       total 152576K, used 37981K [0x0000000080000000, 0x0000000089500000, 0x00000000d5580000)
  object space 152576K, 24% used [0x0000000080000000,0x0000000082517520,0x0000000089500000)
 Metaspace       used 64555K, capacity 67620K, committed 67840K, reserved 1110016K
  class space    used 9103K, capacity 9667K, committed 9728K, reserved 1048576K
GC Heap History (10 events):
Event: 3.362 GC heap before
{Heap before GC invocations=7 (full 1):
 PSYoungGen      total 140800K, used 50084K [0x00000000d5580000, 0x00000000e4380000, 0x0000000100000000)
  eden space 130048K, 30% used [0x00000000d5580000,0x00000000d7beef80,0x00000000dd480000)
  from space 10752K, 99% used [0x00000000dd480000,0x00000000ddefa130,0x00000000ddf00000)
  to   space 15360K, 0% used [0x00000000e3480000,0x00000000e3480000,0x00000000e4380000)
 ParOldGen       total 99328K, used 11746K [0x0000000080000000, 0x0000000086100000, 0x00000000d5580000)
  object space 99328K, 11% used [0x0000000080000000,0x0000000080b788f0,0x0000000086100000)
 Metaspace       used 34339K, capacity 35454K, committed 35496K, reserved 1079296K
  class space    used 4833K, capacity 5100K, committed 5120K, reserved 1048576K
Event: 3.372 GC heap after
Heap after GC invocations=7 (full 1):
 PSYoungGen      total 228864K, used 8133K [0x00000000d5580000, 0x00000000e4380000, 0x0000000100000000)
  eden space 213504K, 0% used [0x00000000d5580000,0x00000000d5580000,0x00000000e2600000)
  from space 15360K, 52% used [0x00000000e3480000,0x00000000e3c71680,0x00000000e4380000)
  to   space 14848K, 0% used [0x00000000e2600000,0x00000000e2600000,0x00000000e3480000)
 ParOldGen       total 99328K, used 11754K [0x0000000080000000, 0x0000000086100000, 0x00000000d5580000)
  object space 99328K, 11% used [0x0000000080000000,0x0000000080b7a8f0,0x0000000086100000)
 Metaspace       used 34339K, capacity 35454K, committed 35496K, reserved 1079296K
  class space    used 4833K, capacity 5100K, committed 5120K, reserved 1048576K
}
Event: 3.372 GC heap before
{Heap before GC invocations=8 (full 2):
 PSYoungGen      total 228864K, used 8133K [0x00000000d5580000, 0x00000000e4380000, 0x0000000100000000)
  eden space 213504K, 0% used [0x00000000d5580000,0x00000000d5580000,0x00000000e2600000)
  from space 15360K, 52% used [0x00000000e3480000,0x00000000e3c71680,0x00000000e4380000)
  to   space 14848K, 0% used [0x00000000e2600000,0x00000000e2600000,0x00000000e3480000)
 ParOldGen       total 99328K, used 11754K [0x0000000080000000, 0x0000000086100000, 0x00000000d5580000)
  object space 99328K, 11% used [0x0000000080000000,0x0000000080b7a8f0,0x0000000086100000)
 Metaspace       used 34339K, capacity 35454K, committed 35496K, reserved 1079296K
  class space    used 4833K, capacity 5100K, committed 5120K, reserved 1048576K
Event: 3.413 GC heap after
Heap after GC invocations=8 (full 2):
 PSYoungGen      total 228864K, used 0K [0x00000000d5580000, 0x00000000e4380000, 0x0000000100000000)
  eden space 213504K, 0% used [0x00000000d5580000,0x00000000d5580000,0x00000000e2600000)
  from space 15360K, 0% used [0x00000000e3480000,0x00000000e3480000,0x00000000e4380000)
  to   space 14848K, 0% used [0x00000000e2600000,0x00000000e2600000,0x00000000e3480000)
 ParOldGen       total 152576K, used 15160K [0x0000000080000000, 0x0000000089500000, 0x00000000d5580000)
  object space 152576K, 9% used [0x0000000080000000,0x0000000080ece020,0x0000000089500000)
 Metaspace       used 34339K, capacity 35454K, committed 35496K, reserved 1079296K
  class space    used 4833K, capacity 5100K, committed 5120K, reserved 1048576K
}
Event: 4.939 GC heap before
{Heap before GC invocations=9 (full 2):
 PSYoungGen      total 228864K, used 213504K [0x00000000d5580000, 0x00000000e4380000, 0x0000000100000000)
  eden space 213504K, 100% used [0x00000000d5580000,0x00000000e2600000,0x00000000e2600000)
  from space 15360K, 0% used [0x00000000e3480000,0x00000000e3480000,0x00000000e4380000)
  to   space 14848K, 0% used [0x00000000e2600000,0x00000000e2600000,0x00000000e3480000)
 ParOldGen       total 152576K, used 15160K [0x0000000080000000, 0x0000000089500000, 0x00000000d5580000)
  object space 152576K, 9% used [0x0000000080000000,0x0000000080ece020,0x0000000089500000)
 Metaspace       used 45684K, capacity 47516K, committed 47744K, reserved 1089536K
  class space    used 6322K, capacity 6682K, committed 6784K, reserved 1048576K
Event: 4.954 GC heap after
Heap after GC invocations=9 (full 2):
 PSYoungGen      total 228352K, used 14846K [0x00000000d5580000, 0x00000000e4380000, 0x0000000100000000)
  eden space 213504K, 0% used [0x00000000d5580000,0x00000000d5580000,0x00000000e2600000)
  from space 14848K, 99% used [0x00000000e2600000,0x00000000e347fa80,0x00000000e3480000)
  to   space 15360K, 0% used [0x00000000e3480000,0x00000000e3480000,0x00000000e4380000)
 ParOldGen       total 152576K, used 19440K [0x0000000080000000, 0x0000000089500000, 0x00000000d5580000)
  object space 152576K, 12% used [0x0000000080000000,0x00000000812fc3b8,0x0000000089500000)
 Metaspace       used 45684K, capacity 47516K, committed 47744K, reserved 1089536K
  class space    used 6322K, capacity 6682K, committed 6784K, reserved 1048576K
}
Event: 5.944 GC heap before
{Heap before GC invocations=10 (full 2):
 PSYoungGen      total 228352K, used 149657K [0x00000000d5580000, 0x00000000e4380000, 0x0000000100000000)
  eden space 213504K, 63% used [0x00000000d5580000,0x00000000dd9269c0,0x00000000e2600000)
  from space 14848K, 99% used [0x00000000e2600000,0x00000000e347fa80,0x00000000e3480000)
  to   space 15360K, 0% used [0x00000000e3480000,0x00000000e3480000,0x00000000e4380000)
 ParOldGen       total 152576K, used 19440K [0x0000000080000000, 0x0000000089500000, 0x00000000d5580000)
  object space 152576K, 12% used [0x0000000080000000,0x00000000812fc3b8,0x0000000089500000)
 Metaspace       used 56654K, capacity 59034K, committed 59136K, reserved 1099776K
  class space    used 7918K, capacity 8366K, committed 8448K, reserved 1048576K
Event: 5.959 GC heap after
Heap after GC invocations=10 (full 2):
 PSYoungGen      total 228864K, used 15348K [0x00000000d5580000, 0x00000000e4380000, 0x0000000100000000)
  eden space 213504K, 0% used [0x00000000d5580000,0x00000000d5580000,0x00000000e2600000)
  from space 15360K, 99% used [0x00000000e3480000,0x00000000e437d320,0x00000000e4380000)
  to   space 14848K, 0% used [0x00000000e2600000,0x00000000e2600000,0x00000000e3480000)
 ParOldGen       total 152576K, used 29596K [0x0000000080000000, 0x0000000089500000, 0x00000000d5580000)
  object space 152576K, 19% used [0x0000000080000000,0x0000000081ce7050,0x0000000089500000)
 Metaspace       used 56654K, capacity 59034K, committed 59136K, reserved 1099776K
  class space    used 7918K, capacity 8366K, committed 8448K, reserved 1048576K
}
Event: 5.959 GC heap before
{Heap before GC invocations=11 (full 3):
 PSYoungGen      total 228864K, used 15348K [0x00000000d5580000, 0x00000000e4380000, 0x0000000100000000)
  eden space 213504K, 0% used [0x00000000d5580000,0x00000000d5580000,0x00000000e2600000)
  from space 15360K, 99% used [0x00000000e3480000,0x00000000e437d320,0x00000000e4380000)
  to   space 14848K, 0% used [0x00000000e2600000,0x00000000e2600000,0x00000000e3480000)
 ParOldGen       total 152576K, used 29596K [0x0000000080000000, 0x0000000089500000, 0x00000000d5580000)
  object space 152576K, 19% used [0x0000000080000000,0x0000000081ce7050,0x0000000089500000)
 Metaspace       used 56654K, capacity 59034K, committed 59136K, reserved 1099776K
  class space    used 7918K, capacity 8366K, committed 8448K, reserved 1048576K
Event: 6.122 GC heap after
Heap after GC invocations=11 (full 3):
 PSYoungGen      total 228864K, used 0K [0x00000000d5580000, 0x00000000e4380000, 0x0000000100000000)
  eden space 213504K, 0% used [0x00000000d5580000,0x00000000d5580000,0x00000000e2600000)
  from space 15360K, 0% used [0x00000000e3480000,0x00000000e3480000,0x00000000e4380000)
  to   space 14848K, 0% used [0x00000000e2600000,0x00000000e2600000,0x00000000e3480000)
 ParOldGen       total 152576K, used 37981K [0x0000000080000000, 0x0000000089500000, 0x00000000d5580000)
  object space 152576K, 24% used [0x0000000080000000,0x0000000082517520,0x0000000089500000)
 Metaspace       used 56623K, capacity 58932K, committed 59136K, reserved 1099776K
  class space    used 7908K, capacity 8349K, committed 8448K, reserved 1048576K
}

