# JRE version: Java(TM) SE Runtime Environment (8.0_261-b12) (build 1.8.0_261-b12)
# Java VM: Java HotSpot(TM) 64-Bit Server VM (25.261-b12 mixed mode windows-amd64 compressed oops)
Heap:
 PSYoungGen      total 225280K, used 29713K [0x00000000d5580000, 0x00000000e4680000, 0x0000000100000000)
  eden space 210432K, 7% used [0x00000000d5580000,0x00000000d6406378,0x00000000e2300000)
  from space 14848K, 99% used [0x00000000e2300000,0x00000000e317e198,0x00000000e3180000)
  to   space 15360K, 0% used [0x00000000e3180000,0x00000000e3180000,0x00000000e4080000)
 ParOldGen       total 150016K, used 18580K [0x0000000080000000, 0x0000000089280000, 0x00000000d5580000)
  object space 150016K, 12% used [0x0000000080000000,0x0000000081225398,0x0000000089280000)
 Metaspace       used 46074K, capacity 47940K, committed 48256K, reserved 1091584K
  class space    used 6378K, capacity 6742K, committed 6784K, reserved 1048576K
GC Heap History (10 events):
Event: 1.929 GC heap before
{Heap before GC invocations=5 (full 1):
 PSYoungGen      total 140800K, used 8901K [0x00000000d5580000, 0x00000000de980000, 0x0000000100000000)
  eden space 130048K, 0% used [0x00000000d5580000,0x00000000d5580000,0x00000000dd480000)
  from space 10752K, 82% used [0x00000000ddf00000,0x00000000de7b1640,0x00000000de980000)
  to   space 10752K, 0% used [0x00000000dd480000,0x00000000dd480000,0x00000000ddf00000)
 ParOldGen       total 173568K, used 1022K [0x0000000080000000, 0x000000008a980000, 0x00000000d5580000)
  object space 173568K, 0% used [0x0000000080000000,0x00000000800ffaf0,0x000000008a980000)
 Metaspace       used 20527K, capacity 21202K, committed 21296K, reserved 1067008K
  class space    used 2928K, capacity 3111K, committed 3200K, reserved 1048576K
Event: 1.950 GC heap after
Heap after GC invocations=5 (full 1):
 PSYoungGen      total 140800K, used 0K [0x00000000d5580000, 0x00000000de980000, 0x0000000100000000)
  eden space 130048K, 0% used [0x00000000d5580000,0x00000000d5580000,0x00000000dd480000)
  from space 10752K, 0% used [0x00000000ddf00000,0x00000000ddf00000,0x00000000de980000)
  to   space 10752K, 0% used [0x00000000dd480000,0x00000000dd480000,0x00000000ddf00000)
 ParOldGen       total 98816K, used 8658K [0x0000000080000000, 0x0000000086080000, 0x00000000d5580000)
  object space 98816K, 8% used [0x0000000080000000,0x0000000080874b60,0x0000000086080000)
 Metaspace       used 20527K, capacity 21202K, committed 21296K, reserved 1067008K
  class space    used 2928K, capacity 3111K, committed 3200K, reserved 1048576K
}
Event: 2.745 GC heap before
{Heap before GC invocations=6 (full 1):
 PSYoungGen      total 140800K, used 130048K [0x00000000d5580000, 0x00000000de980000, 0x0000000100000000)
  eden space 130048K, 100% used [0x00000000d5580000,0x00000000dd480000,0x00000000dd480000)
  from space 10752K, 0% used [0x00000000ddf00000,0x00000000ddf00000,0x00000000de980000)
  to   space 10752K, 0% used [0x00000000dd480000,0x00000000dd480000,0x00000000ddf00000)
 ParOldGen       total 98816K, used 8658K [0x0000000080000000, 0x0000000086080000, 0x00000000d5580000)
  object space 98816K, 8% used [0x0000000080000000,0x0000000080874b60,0x0000000086080000)
 Metaspace       used 32790K, capacity 33870K, committed 34048K, reserved 1079296K
  class space    used 4570K, capacity 4817K, committed 4864K, reserved 1048576K
Event: 2.755 GC heap after
Heap after GC invocations=6 (full 1):
 PSYoungGen      total 140800K, used 10747K [0x00000000d5580000, 0x00000000e4080000, 0x0000000100000000)
  eden space 130048K, 0% used [0x00000000d5580000,0x00000000d5580000,0x00000000dd480000)
  from space 10752K, 99% used [0x00000000dd480000,0x00000000ddefed78,0x00000000ddf00000)
  to   space 15360K, 0% used [0x00000000e3180000,0x00000000e3180000,0x00000000e4080000)
 ParOldGen       total 98816K, used 11750K [0x0000000080000000, 0x0000000086080000, 0x00000000d5580000)
  object space 98816K, 11% used [0x0000000080000000,0x0000000080b798f8,0x0000000086080000)
 Metaspace       used 32790K, capacity 33870K, committed 34048K, reserved 1079296K
  class space    used 4570K, capacity 4817K, committed 4864K, reserved 1048576K
}
Event: 2.911 GC heap before
{Heap before GC invocations=7 (full 1):
 PSYoungGen      total 140800K, used 49920K [0x00000000d5580000, 0x00000000e4080000, 0x0000000100000000)
  eden space 130048K, 30% used [0x00000000d5580000,0x00000000d7bc1438,0x00000000dd480000)
  from space 10752K, 99% used [0x00000000dd480000,0x00000000ddefed78,0x00000000ddf00000)
  to   space 15360K, 0% used [0x00000000e3180000,0x00000000e3180000,0x00000000e4080000)
 ParOldGen       total 98816K, used 11750K [0x0000000080000000, 0x0000000086080000, 0x00000000d5580000)
  object space 98816K, 11% used [0x0000000080000000,0x0000000080b798f8,0x0000000086080000)
 Metaspace       used 34339K, capacity 35454K, committed 35496K, reserved 1079296K
  class space    used 4835K, capacity 5100K, committed 5120K, reserved 1048576K
Event: 2.917 GC heap after
Heap after GC invocations=7 (full 1):
 PSYoungGen      total 225792K, used 8227K [0x00000000d5580000, 0x00000000e4680000, 0x0000000100000000)
  eden space 210432K, 0% used [0x00000000d5580000,0x00000000d5580000,0x00000000e2300000)
  from space 15360K, 53% used [0x00000000e3180000,0x00000000e3988f50,0x00000000e4080000)
  to   space 14848K, 0% used [0x00000000e2300000,0x00000000e2300000,0x00000000e3180000)
 ParOldGen       total 98816K, used 11758K [0x0000000080000000, 0x0000000086080000, 0x00000000d5580000)
  object space 98816K, 11% used [0x0000000080000000,0x0000000080b7b8f8,0x0000000086080000)
 Metaspace       used 34339K, capacity 35454K, committed 35496K, reserved 1079296K
  class space    used 4835K, capacity 5100K, committed 5120K, reserved 1048576K
}
Event: 2.917 GC heap before
{Heap before GC invocations=8 (full 2):
 PSYoungGen      total 225792K, used 8227K [0x00000000d5580000, 0x00000000e4680000, 0x0000000100000000)
  eden space 210432K, 0% used [0x00000000d5580000,0x00000000d5580000,0x00000000e2300000)
  from space 15360K, 53% used [0x00000000e3180000,0x00000000e3988f50,0x00000000e4080000)
  to   space 14848K, 0% used [0x00000000e2300000,0x00000000e2300000,0x00000000e3180000)
 ParOldGen       total 98816K, used 11758K [0x0000000080000000, 0x0000000086080000, 0x00000000d5580000)
  object space 98816K, 11% used [0x0000000080000000,0x0000000080b7b8f8,0x0000000086080000)
 Metaspace       used 34339K, capacity 35454K, committed 35496K, reserved 1079296K
  class space    used 4835K, capacity 5100K, committed 5120K, reserved 1048576K
Event: 2.947 GC heap after
Heap after GC invocations=8 (full 2):
 PSYoungGen      total 225792K, used 0K [0x00000000d5580000, 0x00000000e4680000, 0x0000000100000000)
  eden space 210432K, 0% used [0x00000000d5580000,0x00000000d5580000,0x00000000e2300000)
  from space 15360K, 0% used [0x00000000e3180000,0x00000000e3180000,0x00000000e4080000)
  to   space 14848K, 0% used [0x00000000e2300000,0x00000000e2300000,0x00000000e3180000)
 ParOldGen       total 150016K, used 15159K [0x0000000080000000, 0x0000000089280000, 0x00000000d5580000)
  object space 150016K, 10% used [0x0000000080000000,0x0000000080ecde30,0x0000000089280000)
 Metaspace       used 34339K, capacity 35454K, committed 35496K, reserved 1079296K
  class space    used 4835K, capacity 5100K, committed 5120K, reserved 1048576K
}
Event: 4.036 GC heap before
{Heap before GC invocations=9 (full 2):
 PSYoungGen      total 225792K, used 210432K [0x00000000d5580000, 0x00000000e4680000, 0x0000000100000000)
  eden space 210432K, 100% used [0x00000000d5580000,0x00000000e2300000,0x00000000e2300000)
  from space 15360K, 0% used [0x00000000e3180000,0x00000000e3180000,0x00000000e4080000)
  to   space 14848K, 0% used [0x00000000e2300000,0x00000000e2300000,0x00000000e3180000)
 ParOldGen       total 150016K, used 15159K [0x0000000080000000, 0x0000000089280000, 0x00000000d5580000)
  object space 150016K, 10% used [0x0000000080000000,0x0000000080ecde30,0x0000000089280000)
 Metaspace       used 45613K, capacity 47460K, committed 47744K, reserved 1089536K
  class space    used 6317K, capacity 6710K, committed 6784K, reserved 1048576K
Event: 4.047 GC heap after
Heap after GC invocations=9 (full 2):
 PSYoungGen      total 225280K, used 14840K [0x00000000d5580000, 0x00000000e4680000, 0x0000000100000000)
  eden space 210432K, 0% used [0x00000000d5580000,0x00000000d5580000,0x00000000e2300000)
  from space 14848K, 99% used [0x00000000e2300000,0x00000000e317e198,0x00000000e3180000)
  to   space 15360K, 0% used [0x00000000e3180000,0x00000000e3180000,0x00000000e4080000)
 ParOldGen       total 150016K, used 18580K [0x0000000080000000, 0x0000000089280000, 0x00000000d5580000)
  object space 150016K, 12% used [0x0000000080000000,0x0000000081225398,0x0000000089280000)
 Metaspace       used 45613K, capacity 47460K, committed 47744K, reserved 1089536K
  class space    used 6317K, capacity 6710K, committed 6784K, reserved 1048576K
}

