# JRE version: Java(TM) SE Runtime Environment (8.0_261-b12) (build 1.8.0_261-b12)
# Java VM: Java HotSpot(TM) 64-Bit Server VM (25.261-b12 mixed mode windows-amd64 compressed oops)
Heap:
 PSYoungGen      total 223232K, used 122195K [0x00000000d5580000, 0x00000000e4780000, 0x0000000100000000)
  eden space 207872K, 58% used [0x00000000d5580000,0x00000000dccd4ef0,0x00000000e2080000)
  from space 15360K, 0% used [0x00000000e2f00000,0x00000000e2f00000,0x00000000e3e00000)
  to   space 14848K, 0% used [0x00000000e2080000,0x00000000e2080000,0x00000000e2f00000)
 ParOldGen       total 151040K, used 15163K [0x0000000080000000, 0x0000000089380000, 0x00000000d5580000)
  object space 151040K, 10% used [0x0000000080000000,0x0000000080ecec18,0x0000000089380000)
 Metaspace       used 36561K, capacity 38004K, committed 38272K, reserved 1081344K
  class space    used 5135K, capacity 5433K, committed 5504K, reserved 1048576K
GC Heap History (10 events):
Event: 1.979 GC heap before
{Heap before GC invocations=4 (full 0):
 PSYoungGen      total 75776K, used 33379K [0x00000000d5580000, 0x00000000de980000, 0x0000000100000000)
  eden space 65024K, 34% used [0x00000000d5580000,0x00000000d6ba0190,0x00000000d9500000)
  from space 10752K, 99% used [0x00000000d9500000,0x00000000d9f78cd8,0x00000000d9f80000)
  to   space 10752K, 0% used [0x00000000ddf00000,0x00000000ddf00000,0x00000000de980000)
 ParOldGen       total 173568K, used 1045K [0x0000000080000000, 0x000000008a980000, 0x00000000d5580000)
  object space 173568K, 0% used [0x0000000080000000,0x00000000801057a0,0x000000008a980000)
 Metaspace       used 20534K, capacity 21202K, committed 21296K, reserved 1067008K
  class space    used 2929K, capacity 3111K, committed 3200K, reserved 1048576K
Event: 1.984 GC heap after
Heap after GC invocations=4 (full 0):
 PSYoungGen      total 140800K, used 8829K [0x00000000d5580000, 0x00000000de980000, 0x0000000100000000)
  eden space 130048K, 0% used [0x00000000d5580000,0x00000000d5580000,0x00000000dd480000)
  from space 10752K, 82% used [0x00000000ddf00000,0x00000000de79f500,0x00000000de980000)
  to   space 10752K, 0% used [0x00000000dd480000,0x00000000dd480000,0x00000000ddf00000)
 ParOldGen       total 173568K, used 1053K [0x0000000080000000, 0x000000008a980000, 0x00000000d5580000)
  object space 173568K, 0% used [0x0000000080000000,0x00000000801077a0,0x000000008a980000)
 Metaspace       used 20534K, capacity 21202K, committed 21296K, reserved 1067008K
  class space    used 2929K, capacity 3111K, committed 3200K, reserved 1048576K
}
Event: 1.984 GC heap before
{Heap before GC invocations=5 (full 1):
 PSYoungGen      total 140800K, used 8829K [0x00000000d5580000, 0x00000000de980000, 0x0000000100000000)
  eden space 130048K, 0% used [0x00000000d5580000,0x00000000d5580000,0x00000000dd480000)
  from space 10752K, 82% used [0x00000000ddf00000,0x00000000de79f500,0x00000000de980000)
  to   space 10752K, 0% used [0x00000000dd480000,0x00000000dd480000,0x00000000ddf00000)
 ParOldGen       total 173568K, used 1053K [0x0000000080000000, 0x000000008a980000, 0x00000000d5580000)
  object space 173568K, 0% used [0x0000000080000000,0x00000000801077a0,0x000000008a980000)
 Metaspace       used 20534K, capacity 21202K, committed 21296K, reserved 1067008K
  class space    used 2929K, capacity 3111K, committed 3200K, reserved 1048576K
Event: 2.005 GC heap after
Heap after GC invocations=5 (full 1):
 PSYoungGen      total 140800K, used 0K [0x00000000d5580000, 0x00000000de980000, 0x0000000100000000)
  eden space 130048K, 0% used [0x00000000d5580000,0x00000000d5580000,0x00000000dd480000)
  from space 10752K, 0% used [0x00000000ddf00000,0x00000000ddf00000,0x00000000de980000)
  to   space 10752K, 0% used [0x00000000dd480000,0x00000000dd480000,0x00000000ddf00000)
 ParOldGen       total 99840K, used 8665K [0x0000000080000000, 0x0000000086180000, 0x00000000d5580000)
  object space 99840K, 8% used [0x0000000080000000,0x00000000808767c8,0x0000000086180000)
 Metaspace       used 20534K, capacity 21202K, committed 21296K, reserved 1067008K
  class space    used 2929K, capacity 3111K, committed 3200K, reserved 1048576K
}
Event: 2.866 GC heap before
{Heap before GC invocations=6 (full 1):
 PSYoungGen      total 140800K, used 130048K [0x00000000d5580000, 0x00000000de980000, 0x0000000100000000)
  eden space 130048K, 100% used [0x00000000d5580000,0x00000000dd480000,0x00000000dd480000)
  from space 10752K, 0% used [0x00000000ddf00000,0x00000000ddf00000,0x00000000de980000)
  to   space 10752K, 0% used [0x00000000dd480000,0x00000000dd480000,0x00000000ddf00000)
 ParOldGen       total 99840K, used 8665K [0x0000000080000000, 0x0000000086180000, 0x00000000d5580000)
  object space 99840K, 8% used [0x0000000080000000,0x00000000808767c8,0x0000000086180000)
 Metaspace       used 32779K, capacity 33870K, committed 34048K, reserved 1079296K
  class space    used 4570K, capacity 4817K, committed 4864K, reserved 1048576K
Event: 2.876 GC heap after
Heap after GC invocations=6 (full 1):
 PSYoungGen      total 140800K, used 10723K [0x00000000d5580000, 0x00000000e3e00000, 0x0000000100000000)
  eden space 130048K, 0% used [0x00000000d5580000,0x00000000d5580000,0x00000000dd480000)
  from space 10752K, 99% used [0x00000000dd480000,0x00000000ddef8e08,0x00000000ddf00000)
  to   space 15360K, 0% used [0x00000000e2f00000,0x00000000e2f00000,0x00000000e3e00000)
 ParOldGen       total 99840K, used 11854K [0x0000000080000000, 0x0000000086180000, 0x00000000d5580000)
  object space 99840K, 11% used [0x0000000080000000,0x0000000080b93b90,0x0000000086180000)
 Metaspace       used 32779K, capacity 33870K, committed 34048K, reserved 1079296K
  class space    used 4570K, capacity 4817K, committed 4864K, reserved 1048576K
}
Event: 3.022 GC heap before
{Heap before GC invocations=7 (full 1):
 PSYoungGen      total 140800K, used 49780K [0x00000000d5580000, 0x00000000e3e00000, 0x0000000100000000)
  eden space 130048K, 30% used [0x00000000d5580000,0x00000000d7ba4458,0x00000000dd480000)
  from space 10752K, 99% used [0x00000000dd480000,0x00000000ddef8e08,0x00000000ddf00000)
  to   space 15360K, 0% used [0x00000000e2f00000,0x00000000e2f00000,0x00000000e3e00000)
 ParOldGen       total 99840K, used 11854K [0x0000000080000000, 0x0000000086180000, 0x00000000d5580000)
  object space 99840K, 11% used [0x0000000080000000,0x0000000080b93b90,0x0000000086180000)
 Metaspace       used 34340K, capacity 35454K, committed 35496K, reserved 1079296K
  class space    used 4834K, capacity 5100K, committed 5120K, reserved 1048576K
Event: 3.029 GC heap after
Heap after GC invocations=7 (full 1):
 PSYoungGen      total 223232K, used 8230K [0x00000000d5580000, 0x00000000e4780000, 0x0000000100000000)
  eden space 207872K, 0% used [0x00000000d5580000,0x00000000d5580000,0x00000000e2080000)
  from space 15360K, 53% used [0x00000000e2f00000,0x00000000e3709b38,0x00000000e3e00000)
  to   space 14848K, 0% used [0x00000000e2080000,0x00000000e2080000,0x00000000e2f00000)
 ParOldGen       total 99840K, used 11862K [0x0000000080000000, 0x0000000086180000, 0x00000000d5580000)
  object space 99840K, 11% used [0x0000000080000000,0x0000000080b95b90,0x0000000086180000)
 Metaspace       used 34340K, capacity 35454K, committed 35496K, reserved 1079296K
  class space    used 4834K, capacity 5100K, committed 5120K, reserved 1048576K
}
Event: 3.029 GC heap before
{Heap before GC invocations=8 (full 2):
 PSYoungGen      total 223232K, used 8230K [0x00000000d5580000, 0x00000000e4780000, 0x0000000100000000)
  eden space 207872K, 0% used [0x00000000d5580000,0x00000000d5580000,0x00000000e2080000)
  from space 15360K, 53% used [0x00000000e2f00000,0x00000000e3709b38,0x00000000e3e00000)
  to   space 14848K, 0% used [0x00000000e2080000,0x00000000e2080000,0x00000000e2f00000)
 ParOldGen       total 99840K, used 11862K [0x0000000080000000, 0x0000000086180000, 0x00000000d5580000)
  object space 99840K, 11% used [0x0000000080000000,0x0000000080b95b90,0x0000000086180000)
 Metaspace       used 34340K, capacity 35454K, committed 35496K, reserved 1079296K
  class space    used 4834K, capacity 5100K, committed 5120K, reserved 1048576K
Event: 3.059 GC heap after
Heap after GC invocations=8 (full 2):
 PSYoungGen      total 223232K, used 0K [0x00000000d5580000, 0x00000000e4780000, 0x0000000100000000)
  eden space 207872K, 0% used [0x00000000d5580000,0x00000000d5580000,0x00000000e2080000)
  from space 15360K, 0% used [0x00000000e2f00000,0x00000000e2f00000,0x00000000e3e00000)
  to   space 14848K, 0% used [0x00000000e2080000,0x00000000e2080000,0x00000000e2f00000)
 ParOldGen       total 151040K, used 15163K [0x0000000080000000, 0x0000000089380000, 0x00000000d5580000)
  object space 151040K, 10% used [0x0000000080000000,0x0000000080ecec18,0x0000000089380000)
 Metaspace       used 34340K, capacity 35454K, committed 35496K, reserved 1079296K
  class space    used 4834K, capacity 5100K, committed 5120K, reserved 1048576K
}

