# JRE version: Java(TM) SE Runtime Environment (8.0_261-b12) (build 1.8.0_261-b12)
# Java VM: Java HotSpot(TM) 64-Bit Server VM (25.261-b12 mixed mode windows-amd64 compressed oops)
Heap:
 PSYoungGen      total 187392K, used 72646K [0x00000000d5580000, 0x00000000e3d00000, 0x0000000100000000)
  eden space 176640K, 41% used [0x00000000d5580000,0x00000000d9c71918,0x00000000e0200000)
  from space 10752K, 0% used [0x00000000e3280000,0x00000000e3280000,0x00000000e3d00000)
  to   space 16384K, 0% used [0x00000000e1d00000,0x00000000e1d00000,0x00000000e2d00000)
 ParOldGen       total 110080K, used 31146K [0x0000000080000000, 0x0000000086b80000, 0x00000000d5580000)
  object space 110080K, 28% used [0x0000000080000000,0x0000000081e6aa40,0x0000000086b80000)
 Metaspace       used 61250K, capacity 63846K, committed 64000K, reserved 1103872K
  class space    used 8672K, capacity 9188K, committed 9216K, reserved 1048576K
GC Heap History (10 events):
Event: 3.345 GC heap before
{Heap before GC invocations=7 (full 2):
 PSYoungGen      total 140800K, used 8251K [0x00000000d5580000, 0x00000000e4300000, 0x0000000100000000)
  eden space 130048K, 0% used [0x00000000d5580000,0x00000000d5580000,0x00000000dd480000)
  from space 10752K, 76% used [0x00000000dd480000,0x00000000ddc8ec58,0x00000000ddf00000)
  to   space 16896K, 0% used [0x00000000e3280000,0x00000000e3280000,0x00000000e4300000)
 ParOldGen       total 110080K, used 16609K [0x0000000080000000, 0x0000000086b80000, 0x00000000d5580000)
  object space 110080K, 15% used [0x0000000080000000,0x0000000081038600,0x0000000086b80000)
 Metaspace       used 34328K, capacity 35454K, committed 35496K, reserved 1079296K
  class space    used 4834K, capacity 5100K, committed 5120K, reserved 1048576K
Event: 3.388 GC heap after
Heap after GC invocations=7 (full 2):
 PSYoungGen      total 140800K, used 0K [0x00000000d5580000, 0x00000000e4300000, 0x0000000100000000)
  eden space 130048K, 0% used [0x00000000d5580000,0x00000000d5580000,0x00000000dd480000)
  from space 10752K, 0% used [0x00000000dd480000,0x00000000dd480000,0x00000000ddf00000)
  to   space 16896K, 0% used [0x00000000e3280000,0x00000000e3280000,0x00000000e4300000)
 ParOldGen       total 110080K, used 15068K [0x0000000080000000, 0x0000000086b80000, 0x00000000d5580000)
  object space 110080K, 13% used [0x0000000080000000,0x0000000080eb73a0,0x0000000086b80000)
 Metaspace       used 34328K, capacity 35454K, committed 35496K, reserved 1079296K
  class space    used 4834K, capacity 5100K, committed 5120K, reserved 1048576K
}
Event: 4.058 GC heap before
{Heap before GC invocations=8 (full 2):
 PSYoungGen      total 140800K, used 130048K [0x00000000d5580000, 0x00000000e4300000, 0x0000000100000000)
  eden space 130048K, 100% used [0x00000000d5580000,0x00000000dd480000,0x00000000dd480000)
  from space 10752K, 0% used [0x00000000dd480000,0x00000000dd480000,0x00000000ddf00000)
  to   space 16896K, 0% used [0x00000000e3280000,0x00000000e3280000,0x00000000e4300000)
 ParOldGen       total 110080K, used 15068K [0x0000000080000000, 0x0000000086b80000, 0x00000000d5580000)
  object space 110080K, 13% used [0x0000000080000000,0x0000000080eb73a0,0x0000000086b80000)
 Metaspace       used 39015K, capacity 40692K, committed 40960K, reserved 1085440K
  class space    used 5512K, capacity 5836K, committed 5888K, reserved 1048576K
Event: 4.067 GC heap after
Heap after GC invocations=8 (full 2):
 PSYoungGen      total 187392K, used 10429K [0x00000000d5580000, 0x00000000e3d00000, 0x0000000100000000)
  eden space 176640K, 0% used [0x00000000d5580000,0x00000000d5580000,0x00000000e0200000)
  from space 10752K, 97% used [0x00000000e3280000,0x00000000e3caf728,0x00000000e3d00000)
  to   space 16384K, 0% used [0x00000000e1d00000,0x00000000e1d00000,0x00000000e2d00000)
 ParOldGen       total 110080K, used 15076K [0x0000000080000000, 0x0000000086b80000, 0x00000000d5580000)
  object space 110080K, 13% used [0x0000000080000000,0x0000000080eb93a0,0x0000000086b80000)
 Metaspace       used 39015K, capacity 40692K, committed 40960K, reserved 1085440K
  class space    used 5512K, capacity 5836K, committed 5888K, reserved 1048576K
}
Event: 5.454 GC heap before
{Heap before GC invocations=9 (full 2):
 PSYoungGen      total 187392K, used 187069K [0x00000000d5580000, 0x00000000e3d00000, 0x0000000100000000)
  eden space 176640K, 100% used [0x00000000d5580000,0x00000000e0200000,0x00000000e0200000)
  from space 10752K, 97% used [0x00000000e3280000,0x00000000e3caf728,0x00000000e3d00000)
  to   space 16384K, 0% used [0x00000000e1d00000,0x00000000e1d00000,0x00000000e2d00000)
 ParOldGen       total 110080K, used 15076K [0x0000000080000000, 0x0000000086b80000, 0x00000000d5580000)
  object space 110080K, 13% used [0x0000000080000000,0x0000000080eb93a0,0x0000000086b80000)
 Metaspace       used 55909K, capacity 58262K, committed 58496K, reserved 1099776K
  class space    used 7788K, capacity 8254K, committed 8320K, reserved 1048576K
Event: 5.477 GC heap after
Heap after GC invocations=9 (full 2):
 PSYoungGen      total 193024K, used 16380K [0x00000000d5580000, 0x00000000e3d00000, 0x0000000100000000)
  eden space 176640K, 0% used [0x00000000d5580000,0x00000000d5580000,0x00000000e0200000)
  from space 16384K, 99% used [0x00000000e1d00000,0x00000000e2cff320,0x00000000e2d00000)
  to   space 10752K, 0% used [0x00000000e3280000,0x00000000e3280000,0x00000000e3d00000)
 ParOldGen       total 110080K, used 27030K [0x0000000080000000, 0x0000000086b80000, 0x00000000d5580000)
  object space 110080K, 24% used [0x0000000080000000,0x0000000081a65830,0x0000000086b80000)
 Metaspace       used 55909K, capacity 58262K, committed 58496K, reserved 1099776K
  class space    used 7788K, capacity 8254K, committed 8320K, reserved 1048576K
}
Event: 5.566 GC heap before
{Heap before GC invocations=10 (full 2):
 PSYoungGen      total 193024K, used 30684K [0x00000000d5580000, 0x00000000e3d00000, 0x0000000100000000)
  eden space 176640K, 8% used [0x00000000d5580000,0x00000000d6377ea8,0x00000000e0200000)
  from space 16384K, 99% used [0x00000000e1d00000,0x00000000e2cff320,0x00000000e2d00000)
  to   space 10752K, 0% used [0x00000000e3280000,0x00000000e3280000,0x00000000e3d00000)
 ParOldGen       total 110080K, used 27030K [0x0000000080000000, 0x0000000086b80000, 0x00000000d5580000)
  object space 110080K, 24% used [0x0000000080000000,0x0000000081a65830,0x0000000086b80000)
 Metaspace       used 56710K, capacity 59050K, committed 59136K, reserved 1099776K
  class space    used 7927K, capacity 8400K, committed 8448K, reserved 1048576K
Event: 5.575 GC heap after
Heap after GC invocations=10 (full 2):
 PSYoungGen      total 187392K, used 10720K [0x00000000d5580000, 0x00000000e3d00000, 0x0000000100000000)
  eden space 176640K, 0% used [0x00000000d5580000,0x00000000d5580000,0x00000000e0200000)
  from space 10752K, 99% used [0x00000000e3280000,0x00000000e3cf8050,0x00000000e3d00000)
  to   space 16384K, 0% used [0x00000000e1d00000,0x00000000e1d00000,0x00000000e2d00000)
 ParOldGen       total 110080K, used 33740K [0x0000000080000000, 0x0000000086b80000, 0x00000000d5580000)
  object space 110080K, 30% used [0x0000000080000000,0x00000000820f31c8,0x0000000086b80000)
 Metaspace       used 56710K, capacity 59050K, committed 59136K, reserved 1099776K
  class space    used 7927K, capacity 8400K, committed 8448K, reserved 1048576K
}
Event: 5.575 GC heap before
{Heap before GC invocations=11 (full 3):
 PSYoungGen      total 187392K, used 10720K [0x00000000d5580000, 0x00000000e3d00000, 0x0000000100000000)
  eden space 176640K, 0% used [0x00000000d5580000,0x00000000d5580000,0x00000000e0200000)
  from space 10752K, 99% used [0x00000000e3280000,0x00000000e3cf8050,0x00000000e3d00000)
  to   space 16384K, 0% used [0x00000000e1d00000,0x00000000e1d00000,0x00000000e2d00000)
 ParOldGen       total 110080K, used 33740K [0x0000000080000000, 0x0000000086b80000, 0x00000000d5580000)
  object space 110080K, 30% used [0x0000000080000000,0x00000000820f31c8,0x0000000086b80000)
 Metaspace       used 56710K, capacity 59050K, committed 59136K, reserved 1099776K
  class space    used 7927K, capacity 8400K, committed 8448K, reserved 1048576K
Event: 5.705 GC heap after
Heap after GC invocations=11 (full 3):
 PSYoungGen      total 187392K, used 0K [0x00000000d5580000, 0x00000000e3d00000, 0x0000000100000000)
  eden space 176640K, 0% used [0x00000000d5580000,0x00000000d5580000,0x00000000e0200000)
  from space 10752K, 0% used [0x00000000e3280000,0x00000000e3280000,0x00000000e3d00000)
  to   space 16384K, 0% used [0x00000000e1d00000,0x00000000e1d00000,0x00000000e2d00000)
 ParOldGen       total 110080K, used 31146K [0x0000000080000000, 0x0000000086b80000, 0x00000000d5580000)
  object space 110080K, 28% used [0x0000000080000000,0x0000000081e6aa40,0x0000000086b80000)
 Metaspace       used 56686K, capacity 58972K, committed 59136K, reserved 1099776K
  class space    used 7919K, capacity 8387K, committed 8448K, reserved 1048576K
}

