# JRE version: Java(TM) SE Runtime Environment (8.0_261-b12) (build 1.8.0_261-b12)
# Java VM: Java HotSpot(TM) 64-Bit Server VM (25.261-b12 mixed mode windows-amd64 compressed oops)
Heap:
 PSYoungGen      total 224256K, used 78219K [0x00000000d5580000, 0x00000000e4500000, 0x0000000100000000)
  eden space 209408K, 30% used [0x00000000d5580000,0x00000000d9363af0,0x00000000e2200000)
  from space 14848K, 99% used [0x00000000e2200000,0x00000000e307f4c8,0x00000000e3080000)
  to   space 15360K, 33% used [0x00000000e3080000,0x00000000e3584510,0x00000000e3f80000)
 ParOldGen       total 151040K, used 49908K [0x0000000080000000, 0x0000000089380000, 0x00000000d5580000)
  object space 151040K, 33% used [0x0000000080000000,0x00000000830bd090,0x0000000089380000)
 Metaspace       used 66186K, capacity 69480K, committed 69632K, reserved 1114112K
  class space    used 9289K, capacity 9893K, committed 9984K, reserved 1048576K
GC Heap History (10 events):
Event: 2.902 GC heap before
{Heap before GC invocations=8 (full 2):
 PSYoungGen      total 224768K, used 8230K [0x00000000d5580000, 0x00000000e4500000, 0x0000000100000000)
  eden space 209408K, 0% used [0x00000000d5580000,0x00000000d5580000,0x00000000e2200000)
  from space 15360K, 53% used [0x00000000e3080000,0x00000000e3889b38,0x00000000e3f80000)
  to   space 14848K, 0% used [0x00000000e2200000,0x00000000e2200000,0x00000000e3080000)
 ParOldGen       total 98816K, used 11769K [0x0000000080000000, 0x0000000086080000, 0x00000000d5580000)
  object space 98816K, 11% used [0x0000000080000000,0x0000000080b7e760,0x0000000086080000)
 Metaspace       used 34321K, capacity 35454K, committed 35496K, reserved 1079296K
  class space    used 4833K, capacity 5100K, committed 5120K, reserved 1048576K
Event: 2.932 GC heap after
Heap after GC invocations=8 (full 2):
 PSYoungGen      total 224768K, used 0K [0x00000000d5580000, 0x00000000e4500000, 0x0000000100000000)
  eden space 209408K, 0% used [0x00000000d5580000,0x00000000d5580000,0x00000000e2200000)
  from space 15360K, 0% used [0x00000000e3080000,0x00000000e3080000,0x00000000e3f80000)
  to   space 14848K, 0% used [0x00000000e2200000,0x00000000e2200000,0x00000000e3080000)
 ParOldGen       total 151040K, used 15160K [0x0000000080000000, 0x0000000089380000, 0x00000000d5580000)
  object space 151040K, 10% used [0x0000000080000000,0x0000000080ece2c0,0x0000000089380000)
 Metaspace       used 34321K, capacity 35454K, committed 35496K, reserved 1079296K
  class space    used 4833K, capacity 5100K, committed 5120K, reserved 1048576K
}
Event: 3.979 GC heap before
{Heap before GC invocations=9 (full 2):
 PSYoungGen      total 224768K, used 209122K [0x00000000d5580000, 0x00000000e4500000, 0x0000000100000000)
  eden space 209408K, 99% used [0x00000000d5580000,0x00000000e21b8bc0,0x00000000e2200000)
  from space 15360K, 0% used [0x00000000e3080000,0x00000000e3080000,0x00000000e3f80000)
  to   space 14848K, 0% used [0x00000000e2200000,0x00000000e2200000,0x00000000e3080000)
 ParOldGen       total 151040K, used 15160K [0x0000000080000000, 0x0000000089380000, 0x00000000d5580000)
  object space 151040K, 10% used [0x0000000080000000,0x0000000080ece2c0,0x0000000089380000)
 Metaspace       used 45639K, capacity 47504K, committed 47744K, reserved 1089536K
  class space    used 6317K, capacity 6680K, committed 6784K, reserved 1048576K
Event: 3.990 GC heap after
Heap after GC invocations=9 (full 2):
 PSYoungGen      total 224256K, used 14827K [0x00000000d5580000, 0x00000000e4500000, 0x0000000100000000)
  eden space 209408K, 0% used [0x00000000d5580000,0x00000000d5580000,0x00000000e2200000)
  from space 14848K, 99% used [0x00000000e2200000,0x00000000e307adf0,0x00000000e3080000)
  to   space 15360K, 0% used [0x00000000e3080000,0x00000000e3080000,0x00000000e3f80000)
 ParOldGen       total 151040K, used 18615K [0x0000000080000000, 0x0000000089380000, 0x00000000d5580000)
  object space 151040K, 12% used [0x0000000080000000,0x000000008122df80,0x0000000089380000)
 Metaspace       used 45639K, capacity 47504K, committed 47744K, reserved 1089536K
  class space    used 6317K, capacity 6680K, committed 6784K, reserved 1048576K
}
Event: 5.009 GC heap before
{Heap before GC invocations=10 (full 2):
 PSYoungGen      total 224256K, used 154472K [0x00000000d5580000, 0x00000000e4500000, 0x0000000100000000)
  eden space 209408K, 66% used [0x00000000d5580000,0x00000000ddddf5b8,0x00000000e2200000)
  from space 14848K, 99% used [0x00000000e2200000,0x00000000e307adf0,0x00000000e3080000)
  to   space 15360K, 0% used [0x00000000e3080000,0x00000000e3080000,0x00000000e3f80000)
 ParOldGen       total 151040K, used 18615K [0x0000000080000000, 0x0000000089380000, 0x00000000d5580000)
  object space 151040K, 12% used [0x0000000080000000,0x000000008122df80,0x0000000089380000)
 Metaspace       used 56776K, capacity 59098K, committed 59136K, reserved 1099776K
  class space    used 7946K, capacity 8432K, committed 8448K, reserved 1048576K
Event: 5.024 GC heap after
Heap after GC invocations=10 (full 2):
 PSYoungGen      total 224768K, used 15348K [0x00000000d5580000, 0x00000000e4500000, 0x0000000100000000)
  eden space 209408K, 0% used [0x00000000d5580000,0x00000000d5580000,0x00000000e2200000)
  from space 15360K, 99% used [0x00000000e3080000,0x00000000e3f7d320,0x00000000e3f80000)
  to   space 14848K, 0% used [0x00000000e2200000,0x00000000e2200000,0x00000000e3080000)
 ParOldGen       total 151040K, used 29102K [0x0000000080000000, 0x0000000089380000, 0x00000000d5580000)
  object space 151040K, 19% used [0x0000000080000000,0x0000000081c6bad8,0x0000000089380000)
 Metaspace       used 56776K, capacity 59098K, committed 59136K, reserved 1099776K
  class space    used 7946K, capacity 8432K, committed 8448K, reserved 1048576K
}
Event: 5.024 GC heap before
{Heap before GC invocations=11 (full 3):
 PSYoungGen      total 224768K, used 15348K [0x00000000d5580000, 0x00000000e4500000, 0x0000000100000000)
  eden space 209408K, 0% used [0x00000000d5580000,0x00000000d5580000,0x00000000e2200000)
  from space 15360K, 99% used [0x00000000e3080000,0x00000000e3f7d320,0x00000000e3f80000)
  to   space 14848K, 0% used [0x00000000e2200000,0x00000000e2200000,0x00000000e3080000)
 ParOldGen       total 151040K, used 29102K [0x0000000080000000, 0x0000000089380000, 0x00000000d5580000)
  object space 151040K, 19% used [0x0000000080000000,0x0000000081c6bad8,0x0000000089380000)
 Metaspace       used 56776K, capacity 59098K, committed 59136K, reserved 1099776K
  class space    used 7946K, capacity 8432K, committed 8448K, reserved 1048576K
Event: 5.155 GC heap after
Heap after GC invocations=11 (full 3):
 PSYoungGen      total 224768K, used 0K [0x00000000d5580000, 0x00000000e4500000, 0x0000000100000000)
  eden space 209408K, 0% used [0x00000000d5580000,0x00000000d5580000,0x00000000e2200000)
  from space 15360K, 0% used [0x00000000e3080000,0x00000000e3080000,0x00000000e3f80000)
  to   space 14848K, 0% used [0x00000000e2200000,0x00000000e2200000,0x00000000e3080000)
 ParOldGen       total 151040K, used 38290K [0x0000000080000000, 0x0000000089380000, 0x00000000d5580000)
  object space 151040K, 25% used [0x0000000080000000,0x0000000082564858,0x0000000089380000)
 Metaspace       used 56749K, capacity 59008K, committed 59136K, reserved 1099776K
  class space    used 7937K, capacity 8417K, committed 8448K, reserved 1048576K
}
Event: 6.994 GC heap before
{Heap before GC invocations=12 (full 3):
 PSYoungGen      total 224768K, used 209408K [0x00000000d5580000, 0x00000000e4500000, 0x0000000100000000)
  eden space 209408K, 100% used [0x00000000d5580000,0x00000000e2200000,0x00000000e2200000)
  from space 15360K, 0% used [0x00000000e3080000,0x00000000e3080000,0x00000000e3f80000)
  to   space 14848K, 0% used [0x00000000e2200000,0x00000000e2200000,0x00000000e3080000)
 ParOldGen       total 151040K, used 38290K [0x0000000080000000, 0x0000000089380000, 0x00000000d5580000)
  object space 151040K, 25% used [0x0000000080000000,0x0000000082564858,0x0000000089380000)
 Metaspace       used 65064K, capacity 68222K, committed 68480K, reserved 1107968K
  class space    used 9176K, capacity 9752K, committed 9856K, reserved 1048576K
Event: 7.010 GC heap after
Heap after GC invocations=12 (full 3):
 PSYoungGen      total 224256K, used 14845K [0x00000000d5580000, 0x00000000e4500000, 0x0000000100000000)
  eden space 209408K, 0% used [0x00000000d5580000,0x00000000d5580000,0x00000000e2200000)
  from space 14848K, 99% used [0x00000000e2200000,0x00000000e307f4c8,0x00000000e3080000)
  to   space 15360K, 0% used [0x00000000e3080000,0x00000000e3080000,0x00000000e3f80000)
 ParOldGen       total 151040K, used 49908K [0x0000000080000000, 0x0000000089380000, 0x00000000d5580000)
  object space 151040K, 33% used [0x0000000080000000,0x00000000830bd090,0x0000000089380000)
 Metaspace       used 65064K, capacity 68222K, committed 68480K, reserved 1107968K
  class space    used 9176K, capacity 9752K, committed 9856K, reserved 1048576K
}

